Copyright 1986-2015 Xilinx, Inc. All Rights Reserved.
-------------------------------------------------------------------------------------------------------------------------------------
| Tool Version : Vivado v.2015.4 (lin64) Build 1412921 Wed Nov 18 09:44:32 MST 2015
| Date         : Wed Dec 13 21:45:34 2017
| Host         : micron-ubuntu running 64-bit Ubuntu 14.04.2 LTS
| Command      : report_utilization -file gtwizard_ultrascale_0_utilization_synth.rpt -pb gtwizard_ultrascale_0_utilization_synth.pb
| Design       : gtwizard_ultrascale_0
| Device       : xcku060ffva1156-2
| Design State : Synthesized
-------------------------------------------------------------------------------------------------------------------------------------

Utilization Design Information

Table of Contents
-----------------
1. CLB Logic
1.1 Summary of Registers by Type
2. BLOCKRAM
3. ARITHMETIC
4. I/O
5. CLOCK
6. ADVANCED
7. CONFIGURATION
8. Primitives
9. Black Boxes
10. Instantiated Netlists

1. CLB Logic
------------

+-------------------------+------+-------+-----------+-------+
|        Site Type        | Used | Fixed | Available | Util% |
+-------------------------+------+-------+-----------+-------+
| CLB LUTs*               |  147 |     0 |    331680 |  0.04 |
|   LUT as Logic          |  147 |     0 |    331680 |  0.04 |
|   LUT as Memory         |    0 |     0 |    146880 |  0.00 |
| CLB Registers           |  330 |     0 |    663360 |  0.05 |
|   Register as Flip Flop |  330 |     0 |    663360 |  0.05 |
|   Register as Latch     |    0 |     0 |    663360 |  0.00 |
| CARRY8                  |    4 |     0 |     41460 | <0.01 |
| F7 Muxes                |    0 |     0 |    165840 |  0.00 |
| F8 Muxes                |    0 |     0 |     82920 |  0.00 |
| F9 Muxes                |    0 |     0 |     41460 |  0.00 |
+-------------------------+------+-------+-----------+-------+
* Warning! The Final LUT count, after physical optimizations and full implementation, is typically lower. Run opt_design after synthesis, if not already completed, for a more realistic count.


1.1 Summary of Registers by Type
--------------------------------

+-------+--------------+-------------+--------------+
| Total | Clock Enable | Synchronous | Asynchronous |
+-------+--------------+-------------+--------------+
| 0     |            _ |           - |            - |
| 0     |            _ |           - |          Set |
| 0     |            _ |           - |        Reset |
| 0     |            _ |         Set |            - |
| 0     |            _ |       Reset |            - |
| 0     |          Yes |           - |            - |
| 40    |          Yes |           - |          Set |
| 14    |          Yes |           - |        Reset |
| 6     |          Yes |         Set |            - |
| 270   |          Yes |       Reset |            - |
+-------+--------------+-------------+--------------+


2. BLOCKRAM
-----------

+----------------+------+-------+-----------+-------+
|    Site Type   | Used | Fixed | Available | Util% |
+----------------+------+-------+-----------+-------+
| Block RAM Tile |    0 |     0 |      1080 |  0.00 |
|   RAMB36/FIFO* |    0 |     0 |      1080 |  0.00 |
|   RAMB18       |    0 |     0 |      2160 |  0.00 |
+----------------+------+-------+-----------+-------+
* Note: Each Block RAM Tile only has one FIFO logic available and therefore can accommodate only one FIFO36E2 or one FIFO18E2. However, if a FIFO18E2 occupies a Block RAM Tile, that tile can still accommodate a RAMB18E2


3. ARITHMETIC
-------------

+-----------+------+-------+-----------+-------+
| Site Type | Used | Fixed | Available | Util% |
+-----------+------+-------+-----------+-------+
| DSPs      |    0 |     0 |      2760 |  0.00 |
+-----------+------+-------+-----------+-------+


4. I/O
------

+------------+------+-------+-----------+-------+
|  Site Type | Used | Fixed | Available | Util% |
+------------+------+-------+-----------+-------+
| Bonded IOB |    0 |     0 |       520 |  0.00 |
+------------+------+-------+-----------+-------+


5. CLOCK
--------

+----------------------+------+-------+-----------+-------+
|       Site Type      | Used | Fixed | Available | Util% |
+----------------------+------+-------+-----------+-------+
| GLOBAL CLOCK BUFFERs |    4 |     0 |       624 |  0.64 |
|   BUFGCE             |    0 |     0 |       288 |  0.00 |
|   BUFGCE_DIV         |    0 |     0 |        48 |  0.00 |
|   BUFG_GT            |    4 |     0 |       192 |  2.08 |
|   BUFGCTRL*          |    0 |     0 |        96 |  0.00 |
| PLLE3_ADV            |    0 |     0 |        24 |  0.00 |
| MMCME3_ADV           |    0 |     0 |        12 |  0.00 |
+----------------------+------+-------+-----------+-------+
* Note: Each used BUFGCTRL counts as two global buffer resources. This table does not include global clocking resources, only buffer cell usage. See the Clock Utilization Report (report_clock_utilization) for detailed accounting of global clocking resource availability.


6. ADVANCED
-----------

+-----------------+------+-------+-----------+-------+
|    Site Type    | Used | Fixed | Available | Util% |
+-----------------+------+-------+-----------+-------+
| GTHE3_CHANNEL   |    8 |     8 |        28 | 28.57 |
| GTHE3_COMMON    |    2 |     0 |         7 | 28.57 |
| IBUFDS_GTE3     |    0 |     0 |        14 |  0.00 |
| OBUFDS_GTE3     |    0 |     0 |        14 |  0.00 |
| OBUFDS_GTE3_ADV |    0 |     0 |        14 |  0.00 |
| PCIE_3_1        |    0 |     0 |         3 |  0.00 |
| SYSMONE1        |    0 |     0 |         1 |  0.00 |
+-----------------+------+-------+-----------+-------+


7. CONFIGURATION
----------------

+-----------+------+-------+-----------+-------+
| Site Type | Used | Fixed | Available | Util% |
+-----------+------+-------+-----------+-------+
| BSCANE2   |    0 |     0 |         4 |  0.00 |
| EFUSE_USR |    0 |     0 |         1 |  0.00 |
+-----------+------+-------+-----------+-------+


8. Primitives
-------------

+---------------+------+---------------------+
|    Ref Name   | Used | Functional Category |
+---------------+------+---------------------+
| FDRE          |  270 |            Register |
| FDPE          |   40 |            Register |
| LUT6          |   33 |                 CLB |
| LUT1          |   33 |                 CLB |
| LUT5          |   30 |                 CLB |
| LUT3          |   30 |                 CLB |
| LUT4          |   23 |                 CLB |
| LUT2          |   21 |                 CLB |
| FDCE          |   14 |            Register |
| GTHE3_CHANNEL |    8 |            Advanced |
| FDSE          |    6 |            Register |
| CARRY8        |    4 |                 CLB |
| BUFG_GT       |    4 |               Clock |
| GTHE3_COMMON  |    2 |            Advanced |
| BUFG_GT_SYNC  |    2 |               Clock |
+---------------+------+---------------------+


9. Black Boxes
--------------

+----------+------+
| Ref Name | Used |
+----------+------+


10. Instantiated Netlists
-------------------------

+----------+------+
| Ref Name | Used |
+----------+------+


